c:\users\ii toshiki\documents\github\team_now\team_now\x64\debug\vc141.pdb
c:\users\ii toshiki\documents\github\team_now\team_now\x64\debug\vc141.idb
c:\users\ii toshiki\documents\github\team_now\team_now\x64\debug\stitle.obj
c:\users\ii toshiki\documents\github\team_now\team_now\x64\debug\sgame.obj
c:\users\ii toshiki\documents\github\team_now\team_now\x64\debug\map.obj
c:\users\ii toshiki\documents\github\team_now\team_now\x64\debug\main.obj
c:\users\ii toshiki\documents\github\team_now\team_now\x64\debug\gameworld.obj
c:\users\ii toshiki\documents\github\team_now\team_now\x64\debug\camera.obj
c:\users\ii toshiki\documents\github\team_now\team_now\x64\debug\helper.obj
c:\users\ii toshiki\documents\github\team_now\team_now\x64\debug\cvector3.obj
c:\users\ii toshiki\documents\github\team_now\team_now\x64\debug\cvector2.obj
c:\users\ii toshiki\documents\github\team_now\team_now\x64\debug\ctexture.obj
c:\users\ii toshiki\documents\github\team_now\team_now\x64\debug\csurface.obj
c:\users\ii toshiki\documents\github\team_now\team_now\x64\debug\cmesh.obj
c:\users\ii toshiki\documents\github\team_now\team_now\x64\debug\cmatrix.obj
c:\users\ii toshiki\documents\github\team_now\team_now\x64\debug\cdirectxgraphics.obj
c:\users\ii toshiki\documents\github\team_now\x64\debug\team_now.exe
c:\users\ii toshiki\documents\github\team_now\x64\debug\team_now.ilk
c:\users\ii toshiki\documents\github\team_now\x64\debug\team_now.pdb
c:\users\ii toshiki\documents\github\team_now\team_now\x64\debug\team_now.tlog\cl.command.1.tlog
c:\users\ii toshiki\documents\github\team_now\team_now\x64\debug\team_now.tlog\cl.read.1.tlog
c:\users\ii toshiki\documents\github\team_now\team_now\x64\debug\team_now.tlog\cl.write.1.tlog
c:\users\ii toshiki\documents\github\team_now\team_now\x64\debug\team_now.tlog\link.command.1.tlog
c:\users\ii toshiki\documents\github\team_now\team_now\x64\debug\team_now.tlog\link.read.1.tlog
c:\users\ii toshiki\documents\github\team_now\team_now\x64\debug\team_now.tlog\link.write.1.tlog
